  [1m[36m (1.2ms)[0m  [1mCREATE TABLE "schema_migrations" ("version" varchar NOT NULL) [0m
  [1m[35m (0.0ms)[0m  select sqlite_version(*)
  [1m[36m (1.0ms)[0m  [1mCREATE UNIQUE INDEX "unique_schema_migrations" ON "schema_migrations" ("version")[0m
  [1m[35mActiveRecord::SchemaMigration Load (0.1ms)[0m  SELECT "schema_migrations".* FROM "schema_migrations"
  [1m[36mActiveRecord::SchemaMigration Load (0.1ms)[0m  [1mSELECT "schema_migrations".* FROM "schema_migrations"[0m
Migrating to CreatePosts (20151230232412)
  [1m[35m (0.1ms)[0m  begin transaction
  [1m[36m (0.4ms)[0m  [1mCREATE TABLE "posts" ("id" INTEGER PRIMARY KEY AUTOINCREMENT NOT NULL, "title" varchar, "description" text, "created_at" datetime NOT NULL, "updated_at" datetime NOT NULL) [0m
  [1m[35mSQL (0.2ms)[0m  INSERT INTO "schema_migrations" ("version") VALUES (?)  [["version", "20151230232412"]]
  [1m[36m (1.3ms)[0m  [1mcommit transaction[0m
  [1m[35mActiveRecord::SchemaMigration Load (0.1ms)[0m  SELECT "schema_migrations".* FROM "schema_migrations"


Started GET "/posts/new" for ::1 at 2015-12-31 13:44:56 -0600
  [1m[36mActiveRecord::SchemaMigration Load (0.1ms)[0m  [1mSELECT "schema_migrations".* FROM "schema_migrations"[0m
Processing by PostsController#new as HTML
  Rendered posts/new.html.erb within layouts/application (2.1ms)
Completed 200 OK in 347ms (Views: 326.8ms | ActiveRecord: 0.2ms)


Started GET "/assets/application.self-e80e8f2318043e8af94dddc2adad5a4f09739a8ebb323b3ab31cd71d45fd9113.css?body=1" for ::1 at 2015-12-31 13:44:57 -0600


Started GET "/assets/application.self-3b8dabdc891efe46b9a144b400ad69e37d7e5876bdc39dee783419a69d7ca819.js?body=1" for ::1 at 2015-12-31 13:44:57 -0600


Started POST "/posts" for ::1 at 2015-12-31 13:45:03 -0600
Processing by PostsController#create as HTML
  Parameters: {"utf8"=>"✓", "authenticity_token"=>"mFCuNJP5reOW19phdr4zXRLzOMo4NZQ3wneiVR+RO/+owIoDiOxh24iHKkZ7DGazxbSIoRmvIOmJgA4gog1sGg==", "title"=>"Rails Introduction Quiz", "description"=>"asdfasdf", "commit"=>"Submit Post"}
  [1m[35m (0.1ms)[0m  begin transaction
  [1m[36mSQL (0.4ms)[0m  [1mINSERT INTO "posts" ("title", "description", "created_at", "updated_at") VALUES (?, ?, ?, ?)[0m  [["title", "Rails Introduction Quiz"], ["description", "asdfasdf"], ["created_at", "2015-12-31 19:45:03.614973"], ["updated_at", "2015-12-31 19:45:03.614973"]]
  [1m[35m (1.2ms)[0m  commit transaction
Redirected to http://localhost:3000/posts/1
Completed 302 Found in 22ms (ActiveRecord: 1.7ms)


Started GET "/posts/1" for ::1 at 2015-12-31 13:45:03 -0600
Processing by PostsController#show as HTML
  Parameters: {"id"=>"1"}
  [1m[36mPost Load (0.2ms)[0m  [1mSELECT  "posts".* FROM "posts" WHERE "posts"."id" = ? LIMIT 1[0m  [["id", 1]]
  Rendered posts/show.html.erb within layouts/application (0.4ms)
Completed 200 OK in 27ms (Views: 10.4ms | ActiveRecord: 0.2ms)
  [1m[36mPost Load (1.6ms)[0m  [1mSELECT "posts".* FROM "posts"[0m
  [1m[35mPost Load (0.2ms)[0m  SELECT  "posts".* FROM "posts"  ORDER BY "posts"."id" ASC LIMIT 1
  [1m[36mPost Load (0.1ms)[0m  [1mSELECT  "posts".* FROM "posts"  ORDER BY "posts"."id" ASC LIMIT 1[0m
  [1m[35mPost Load (0.2ms)[0m  SELECT  "posts".* FROM "posts"  ORDER BY "posts"."id" ASC LIMIT 1
  [1m[36m (0.1ms)[0m  [1mbegin transaction[0m
  [1m[35mSQL (0.5ms)[0m  INSERT INTO "posts" ("title", "description", "created_at", "updated_at") VALUES (?, ?, ?, ?)  [["title", "Title Goes Here"], ["description", "Desc goes here..."], ["created_at", "2016-12-27 18:06:55.374295"], ["updated_at", "2016-12-27 18:06:55.374295"]]
  [1m[36m (1.2ms)[0m  [1mcommit transaction[0m
  [1m[35mPost Load (0.2ms)[0m  SELECT  "posts".* FROM "posts"  ORDER BY "posts"."id" DESC LIMIT 1


Started GET "/" for ::1 at 2016-12-27 13:11:10 -0500
  [1m[36mActiveRecord::SchemaMigration Load (0.1ms)[0m  [1mSELECT "schema_migrations".* FROM "schema_migrations"[0m
Processing by Rails::WelcomeController#index as HTML
  Rendered /Users/bobmeow/.rvm/gems/ruby-2.2.4/gems/railties-4.2.5/lib/rails/templates/rails/welcome/index.html.erb (1.8ms)
Completed 200 OK in 19ms (Views: 10.3ms | ActiveRecord: 0.0ms)


Started GET "/posts" for ::1 at 2016-12-27 13:11:15 -0500
Processing by PostsController#index as HTML
  [1m[35mPost Load (0.6ms)[0m  SELECT "posts".* FROM "posts"
  Rendered posts/index.html.erb within layouts/application (7.6ms)
Completed 200 OK in 269ms (Views: 264.6ms | ActiveRecord: 1.7ms)


Started GET "/posts" for ::1 at 2016-12-27 13:11:15 -0500
Processing by PostsController#index as HTML
  [1m[36mPost Load (0.1ms)[0m  [1mSELECT "posts".* FROM "posts"[0m
  Rendered posts/index.html.erb within layouts/application (0.6ms)
Completed 200 OK in 14ms (Views: 13.1ms | ActiveRecord: 0.1ms)


Started GET "/posts/new" for ::1 at 2016-12-27 13:15:17 -0500
Processing by PostsController#new as HTML
  Rendered posts/new.html.erb within layouts/application (1.1ms)
Completed 200 OK in 21ms (Views: 16.3ms | ActiveRecord: 0.3ms)


Started POST "/posts" for ::1 at 2016-12-27 13:15:25 -0500
Processing by PostsController#create as HTML
  Parameters: {"utf8"=>"✓", "authenticity_token"=>"mF7jDWsd+E2+HRX/LZURipGTwPV7O6Mn7uFc5EM28ebHn4ljcE4hGZB2pcY05M0XY1oLZ0YA2P/l5g0mmmxSZQ==", "title"=>"A new title", "description"=>"this is great", "commit"=>"Submit Post"}
Completed 500 Internal Server Error in 1ms (ActiveRecord: 0.0ms)

NoMethodError (undefined method `title=' for nil:NilClass):
  app/controllers/posts_controller.rb:15:in `create'


  Rendered /Users/bobmeow/.rvm/gems/ruby-2.2.4/gems/actionpack-4.2.5/lib/action_dispatch/middleware/templates/rescues/_source.erb (5.7ms)
  Rendered /Users/bobmeow/.rvm/gems/ruby-2.2.4/gems/actionpack-4.2.5/lib/action_dispatch/middleware/templates/rescues/_trace.html.erb (2.1ms)
  Rendered /Users/bobmeow/.rvm/gems/ruby-2.2.4/gems/actionpack-4.2.5/lib/action_dispatch/middleware/templates/rescues/_request_and_response.html.erb (1.0ms)
  Rendered /Users/bobmeow/.rvm/gems/ruby-2.2.4/gems/actionpack-4.2.5/lib/action_dispatch/middleware/templates/rescues/diagnostics.html.erb within rescues/layout (58.5ms)
  Rendered /Users/bobmeow/.rvm/gems/ruby-2.2.4/gems/web-console-2.2.1/lib/web_console/templates/_markup.html.erb (0.4ms)
  Rendered /Users/bobmeow/.rvm/gems/ruby-2.2.4/gems/web-console-2.2.1/lib/web_console/templates/_inner_console_markup.html.erb within layouts/inlined_string (0.4ms)
  Rendered /Users/bobmeow/.rvm/gems/ruby-2.2.4/gems/web-console-2.2.1/lib/web_console/templates/_prompt_box_markup.html.erb within layouts/inlined_string (0.3ms)
  Rendered /Users/bobmeow/.rvm/gems/ruby-2.2.4/gems/web-console-2.2.1/lib/web_console/templates/style.css.erb within layouts/inlined_string (0.4ms)
  Rendered /Users/bobmeow/.rvm/gems/ruby-2.2.4/gems/web-console-2.2.1/lib/web_console/templates/console.js.erb within layouts/javascript (47.6ms)
  Rendered /Users/bobmeow/.rvm/gems/ruby-2.2.4/gems/web-console-2.2.1/lib/web_console/templates/main.js.erb within layouts/javascript (0.3ms)
  Rendered /Users/bobmeow/.rvm/gems/ruby-2.2.4/gems/web-console-2.2.1/lib/web_console/templates/error_page.js.erb within layouts/javascript (0.4ms)
  Rendered /Users/bobmeow/.rvm/gems/ruby-2.2.4/gems/web-console-2.2.1/lib/web_console/templates/index.html.erb (109.5ms)


Started POST "/posts" for ::1 at 2016-12-27 13:15:48 -0500
Processing by PostsController#create as HTML
  Parameters: {"utf8"=>"✓", "authenticity_token"=>"mF7jDWsd+E2+HRX/LZURipGTwPV7O6Mn7uFc5EM28ebHn4ljcE4hGZB2pcY05M0XY1oLZ0YA2P/l5g0mmmxSZQ==", "title"=>"A new title", "description"=>"this is great", "commit"=>"Submit Post"}
  [1m[35m (0.1ms)[0m  begin transaction
  [1m[36mSQL (0.4ms)[0m  [1mINSERT INTO "posts" ("title", "description", "created_at", "updated_at") VALUES (?, ?, ?, ?)[0m  [["title", "A new title"], ["description", "this is great"], ["created_at", "2016-12-27 18:15:48.270816"], ["updated_at", "2016-12-27 18:15:48.270816"]]
  [1m[35m (0.7ms)[0m  commit transaction
Redirected to http://localhost:3000/posts
Completed 302 Found in 15ms (ActiveRecord: 1.7ms)


Started GET "/posts" for ::1 at 2016-12-27 13:15:48 -0500
Processing by PostsController#index as HTML
  [1m[36mPost Load (0.2ms)[0m  [1mSELECT "posts".* FROM "posts"[0m
  Rendered posts/index.html.erb within layouts/application (0.7ms)
Completed 200 OK in 15ms (Views: 13.8ms | ActiveRecord: 0.2ms)


Started GET "/posts" for ::1 at 2016-12-27 13:15:50 -0500
Processing by PostsController#index as HTML
  [1m[35mPost Load (0.1ms)[0m  SELECT "posts".* FROM "posts"
  Rendered posts/index.html.erb within layouts/application (0.5ms)
Completed 200 OK in 14ms (Views: 13.4ms | ActiveRecord: 0.1ms)


Started GET "/posts" for ::1 at 2016-12-27 13:15:51 -0500
Processing by PostsController#index as HTML
  [1m[36mPost Load (0.2ms)[0m  [1mSELECT "posts".* FROM "posts"[0m
  Rendered posts/index.html.erb within layouts/application (0.5ms)
Completed 200 OK in 14ms (Views: 13.0ms | ActiveRecord: 0.2ms)


Started GET "/posts/new" for ::1 at 2016-12-27 13:16:42 -0500
Processing by PostsController#new as HTML
  Rendered posts/new.html.erb within layouts/application (0.4ms)
Completed 200 OK in 18ms (Views: 12.8ms | ActiveRecord: 0.4ms)


Started POST "/posts" for ::1 at 2016-12-27 13:16:50 -0500
Processing by PostsController#create as HTML
  Parameters: {"utf8"=>"✓", "authenticity_token"=>"kZ3v66NwITad/ueX/tBYrgkBQvWAGpEpfwOz4aQbIHXOXIWFuCP4YrOVV67noYQz+8iJZ70h6vF0BOIjfUGD9g==", "title"=>"another title", "description"=>"a great desc", "commit"=>"Submit Post"}
  [1m[35m (0.1ms)[0m  begin transaction
  [1m[36mSQL (0.3ms)[0m  [1mINSERT INTO "posts" ("title", "description", "created_at", "updated_at") VALUES (?, ?, ?, ?)[0m  [["title", "another title"], ["description", "a great desc"], ["created_at", "2016-12-27 18:16:50.329428"], ["updated_at", "2016-12-27 18:16:50.329428"]]
  [1m[35m (0.8ms)[0m  commit transaction
Redirected to http://localhost:3000/posts
Completed 302 Found in 4ms (ActiveRecord: 1.1ms)


Started GET "/posts" for ::1 at 2016-12-27 13:16:50 -0500
Processing by PostsController#index as HTML
  [1m[36mPost Load (0.1ms)[0m  [1mSELECT "posts".* FROM "posts"[0m
  Rendered posts/index.html.erb within layouts/application (0.7ms)
Completed 200 OK in 15ms (Views: 14.3ms | ActiveRecord: 0.1ms)


Started GET "/posts/new" for ::1 at 2016-12-27 13:19:25 -0500
Processing by PostsController#new as HTML
  Rendered posts/new.html.erb within layouts/application (0.4ms)
Completed 200 OK in 13ms (Views: 12.4ms | ActiveRecord: 0.0ms)


Started POST "/posts" for ::1 at 2016-12-27 13:19:38 -0500
Processing by PostsController#create as HTML
  Parameters: {"utf8"=>"✓", "authenticity_token"=>"0FXM5sWnNFeLPXVIxky0z6K6iPWGiAcbatr6t31plWCPlKaI3vTtA6VWxXHfPWhSUHNDZ7uzfMNh3at1pDM24w==", "title"=>"last title here", "description"=>"this is a desc", "commit"=>"Submit Post"}
  [1m[35m (0.1ms)[0m  begin transaction
  [1m[36mSQL (0.3ms)[0m  [1mINSERT INTO "posts" ("title", "description", "created_at", "updated_at") VALUES (?, ?, ?, ?)[0m  [["title", "last title here"], ["description", "this is a desc"], ["created_at", "2016-12-27 18:19:38.113420"], ["updated_at", "2016-12-27 18:19:38.113420"]]
  [1m[35m (0.8ms)[0m  commit transaction
Redirected to http://localhost:3000/posts
Completed 302 Found in 8ms (ActiveRecord: 1.6ms)


Started GET "/posts" for ::1 at 2016-12-27 13:19:38 -0500
Processing by PostsController#index as HTML
  [1m[36mPost Load (0.1ms)[0m  [1mSELECT "posts".* FROM "posts"[0m
  Rendered posts/index.html.erb within layouts/application (0.7ms)
Completed 200 OK in 13ms (Views: 12.0ms | ActiveRecord: 0.1ms)
  [1m[36mPost Load (2.0ms)[0m  [1mSELECT "posts".* FROM "posts"[0m
  [1m[35mPost Load (0.2ms)[0m  SELECT "posts".* FROM "posts"
  [1m[36mPost Load (0.2ms)[0m  [1mSELECT "posts".* FROM "posts"[0m
  [1m[35mPost Load (0.2ms)[0m  SELECT "posts".* FROM "posts"
  [1m[36mPost Load (0.2ms)[0m  [1mSELECT "posts".* FROM "posts"[0m


Started GET "/posts/2" for ::1 at 2016-12-27 13:28:20 -0500
  [1m[36mActiveRecord::SchemaMigration Load (0.2ms)[0m  [1mSELECT "schema_migrations".* FROM "schema_migrations"[0m
Processing by PostsController#show as HTML
  Parameters: {"id"=>"2"}
  [1m[35mPost Load (0.2ms)[0m  SELECT  "posts".* FROM "posts" WHERE "posts"."id" = ? LIMIT 1  [["id", 2]]
  Rendered posts/show.html.erb within layouts/application (1.3ms)
Completed 200 OK in 200ms (Views: 179.4ms | ActiveRecord: 0.6ms)


Started GET "/posts/1" for ::1 at 2016-12-27 13:28:24 -0500
Processing by PostsController#show as HTML
  Parameters: {"id"=>"1"}
  [1m[36mPost Load (0.1ms)[0m  [1mSELECT  "posts".* FROM "posts" WHERE "posts"."id" = ? LIMIT 1[0m  [["id", 1]]
  Rendered posts/show.html.erb within layouts/application (0.3ms)
Completed 200 OK in 15ms (Views: 13.4ms | ActiveRecord: 0.1ms)


Started GET "/posts/new" for ::1 at 2016-12-27 13:28:28 -0500
Processing by PostsController#new as HTML
  Rendered posts/new.html.erb within layouts/application (0.8ms)
Completed 200 OK in 13ms (Views: 12.4ms | ActiveRecord: 0.0ms)


Started POST "/posts" for ::1 at 2016-12-27 13:28:40 -0500
Processing by PostsController#create as HTML
  Parameters: {"utf8"=>"✓", "authenticity_token"=>"XK9+6P10Sg0sKBCBDMsFb6k9Cg3oIsWlZ1/gHyWhQDUDbhSG5ieTWQJDoLgVutnyW/TBn9UZvn1sWLHd/Pvjtg==", "title"=>"A blah blah blah", "description"=>"this is cool", "commit"=>"Submit Post"}
  [1m[35m (0.1ms)[0m  begin transaction
  [1m[36mSQL (0.4ms)[0m  [1mINSERT INTO "posts" ("title", "description", "created_at", "updated_at") VALUES (?, ?, ?, ?)[0m  [["title", "A blah blah blah"], ["description", "this is cool"], ["created_at", "2016-12-27 18:28:40.693590"], ["updated_at", "2016-12-27 18:28:40.693590"]]
  [1m[35m (0.8ms)[0m  commit transaction
Redirected to http://localhost:3000/posts/6
Completed 302 Found in 6ms (ActiveRecord: 1.3ms)


Started GET "/posts/6" for ::1 at 2016-12-27 13:28:40 -0500
Processing by PostsController#show as HTML
  Parameters: {"id"=>"6"}
  [1m[36mPost Load (0.1ms)[0m  [1mSELECT  "posts".* FROM "posts" WHERE "posts"."id" = ? LIMIT 1[0m  [["id", 6]]
  Rendered posts/show.html.erb within layouts/application (0.1ms)
Completed 200 OK in 16ms (Views: 14.3ms | ActiveRecord: 0.1ms)


Started GET "/posts/new" for ::1 at 2016-12-27 13:29:02 -0500
Processing by PostsController#new as HTML
  Rendered posts/new.html.erb within layouts/application (1.2ms)
Completed 200 OK in 32ms (Views: 30.6ms | ActiveRecord: 0.0ms)


Started POST "/posts" for ::1 at 2016-12-27 13:29:08 -0500
Processing by PostsController#create as HTML
  Parameters: {"utf8"=>"✓", "authenticity_token"=>"BAfm7QUyedLTtR4FwZPElBLpKEgEVwZO78srHzjd7YRbxoyDHmGghv3erjzY4hgJ4CDj2jlsfZbkzHrd4YdOBw==", "title"=>"hiiiiii", "description"=>"hello", "commit"=>"Submit Post"}
  [1m[35m (0.2ms)[0m  begin transaction
  [1m[36mSQL (1.8ms)[0m  [1mINSERT INTO "posts" ("title", "description", "created_at", "updated_at") VALUES (?, ?, ?, ?)[0m  [["title", "hiiiiii"], ["description", "hello"], ["created_at", "2016-12-27 18:29:08.576577"], ["updated_at", "2016-12-27 18:29:08.576577"]]
  [1m[35m (0.8ms)[0m  commit transaction
Redirected to http://localhost:3000/posts/7
Completed 302 Found in 16ms (ActiveRecord: 3.5ms)


Started GET "/posts/7" for ::1 at 2016-12-27 13:29:08 -0500
Processing by PostsController#show as HTML
  Parameters: {"id"=>"7"}
  [1m[36mPost Load (0.3ms)[0m  [1mSELECT  "posts".* FROM "posts" WHERE "posts"."id" = ? LIMIT 1[0m  [["id", 7]]
  Rendered posts/show.html.erb within layouts/application (0.1ms)
Completed 200 OK in 27ms (Views: 23.7ms | ActiveRecord: 0.3ms)


Started GET "/posts" for ::1 at 2016-12-27 13:29:14 -0500
Processing by PostsController#index as HTML
  [1m[35mPost Load (0.3ms)[0m  SELECT "posts".* FROM "posts"
  Rendered posts/index.html.erb within layouts/application (3.6ms)
Completed 200 OK in 24ms (Views: 23.5ms | ActiveRecord: 0.3ms)
